Running: D:\Xilinx\14.7\ISE_DS\ISE\bin\nt64\unwrapped\fuse.exe -intstyle ise -incremental -lib secureip -o C:/Users/Arshia/Downloads/Telegram Desktop/RAM/tb_Generic_RAM_isim_beh.exe -prj C:/Users/Arshia/Downloads/Telegram Desktop/RAM/tb_Generic_RAM_beh.prj work.tb_Generic_RAM 
ISim P.20131013 (signature 0x7708f090)
Number of CPUs detected in this system: 12
Turning on mult-threading, number of parallel sub-compilation jobs: 24 
Determining compilation order of HDL files
Parsing VHDL file "C:/Users/Arshia/Downloads/Telegram Desktop/RAM/Generic_ram.vhd" into library work
Parsing VHDL file "C:/Users/Arshia/Downloads/Telegram Desktop/RAM/tb_generic_ram.vhd" into library work
Starting static elaboration
Completed static elaboration
Compiling package standard
Compiling package std_logic_1164
Compiling package std_logic_arith
Compiling package std_logic_unsigned
Compiling package numeric_std
Compiling package textio
Compiling package std_logic_textio
Compiling architecture behavioral of entity Generic_RAM [\Generic_RAM(16,8)\]
Compiling architecture behavior of entity tb_generic_ram
WARNING:Simulator:835 - "N:/P.20131013/env/Jobs/HDLLibraryCompilation/ISim/VHDLLibs/vhdl/src/standard/standard.vhd" Line 68. Time unit fs is less than the vhdl time precision.
WARNING:Simulator:835 - "N:/P.20131013/env/Jobs/HDLLibraryCompilation/ISim/VHDLLibs/vhdl/src/standard/standard.vhd" Line 68. Time unit fs is less than the vhdl time precision.
WARNING:Simulator:835 - "N:/P.20131013/env/Jobs/HDLLibraryCompilation/ISim/VHDLLibs/vhdl/src/standard/standard.vhd" Line 68. Time unit fs is less than the vhdl time precision.
Time Resolution for simulation is 1ps.
Compiled 10 VHDL Units
Built simulation executable C:/Users/Arshia/Downloads/Telegram Desktop/RAM/tb_Generic_RAM_isim_beh.exe
Fuse Memory Usage: 38388 KB
Fuse CPU Usage: 514 ms
