ISim log file
Running: D:\iust stuff\4002\CALab\2\MUX\MUX_GATE_isim_beh.exe -intstyle ise -gui -tclbatch isim.cmd -wdb D:/iust stuff/4002/CALab/2/MUX/MUX_GATE_isim_beh.wdb 
ISim P.20131013 (signature 0x7708f090)
This is a Full version of ISim.
Time resolution is 1 ps
# onerror resume
# wave add /
# run 1000 ns
Simulator is doing circuit initialization process.
Finished circuit initialization process.
# isim force add /mux_gate/am 1 -radix bin
# isim force add /mux_gate/am 1 -radix bin
# isim force add /mux_gate/bm 0 -radix bin
# isim force add /mux_gate/cm 0 -radix bin
# isim force add /mux_gate/dm 0 -radix bin
# isim force add /mux_gate/em 0 -radix bin
# isim force add /mux_gate/fm 0 -radix bin
# run all
# isim force add /mux_gate/am 1 -radix bin -value 0 -radix bin -time 12500 fs -repeat 25 ps
# run all
Stopped at time : 83396775 ps : File "D:/iust stuff/4002/CALab/2/MUX/Or_Gate.vhd" Line 44
# run all
Stopped at time : 132876212 ps : File "D:/iust stuff/4002/CALab/2/MUX/And_Gate.vhd" Line 42
# run all
Stopped at time : 233385100 ps : File "D:/iust stuff/4002/CALab/2/MUX/And_Gate.vhd" Line 42
# isim force add /mux_gate/em 0 -radix bin
# isim force add /mux_gate/fm 1 -radix bin
# run all
Stopped at time : 679905087 ps : File "D:/iust stuff/4002/CALab/2/MUX/And_Gate.vhd" Line 42
# isim force add /mux_gate/am 1 -radix bin
# isim force add /mux_gate/bm 1 -radix bin
# run all
# isim force add /mux_gate/bm 0 -radix bin
# isim force add /mux_gate/cm 1 -radix bin
# run all
