Release 14.7 - xst P.20131013 (nt64)
Copyright (c) 1995-2013 Xilinx, Inc.  All rights reserved.
--> Parameter TMPDIR set to xst/projnav.tmp


Total REAL time to Xst completion: 0.00 secs
Total CPU time to Xst completion: 0.67 secs
 
--> Parameter xsthdpdir set to xst


Total REAL time to Xst completion: 0.00 secs
Total CPU time to Xst completion: 0.68 secs
 
--> Reading design: counter_async.prj

TABLE OF CONTENTS
  1) Synthesis Options Summary
  2) HDL Parsing
  3) HDL Elaboration
  4) HDL Synthesis
       4.1) HDL Synthesis Report
  5) Advanced HDL Synthesis
       5.1) Advanced HDL Synthesis Report
  6) Low Level Synthesis
  7) Partition Report
  8) Design Summary
       8.1) Primitive and Black Box Usage
       8.2) Device utilization summary
       8.3) Partition Resource Summary
       8.4) Timing Report
            8.4.1) Clock Information
            8.4.2) Asynchronous Control Signals Information
            8.4.3) Timing Summary
            8.4.4) Timing Details
            8.4.5) Cross Clock Domains Report


=========================================================================
*                      Synthesis Options Summary                        *
=========================================================================
---- Source Parameters
Input File Name                    : "counter_async.prj"
Ignore Synthesis Constraint File   : NO

---- Target Parameters
Output File Name                   : "counter_async"
Output Format                      : NGC
Target Device                      : xc7a100t-3-csg324

---- Source Options
Top Module Name                    : counter_async
Automatic FSM Extraction           : YES
FSM Encoding Algorithm             : Auto
Safe Implementation                : No
FSM Style                          : LUT
RAM Extraction                     : Yes
RAM Style                          : Auto
ROM Extraction                     : Yes
Shift Register Extraction          : YES
ROM Style                          : Auto
Resource Sharing                   : YES
Asynchronous To Synchronous        : NO
Shift Register Minimum Size        : 2
Use DSP Block                      : Auto
Automatic Register Balancing       : No

---- Target Options
LUT Combining                      : Auto
Reduce Control Sets                : Auto
Add IO Buffers                     : YES
Global Maximum Fanout              : 100000
Add Generic Clock Buffer(BUFG)     : 32
Register Duplication               : YES
Optimize Instantiated Primitives   : NO
Use Clock Enable                   : Auto
Use Synchronous Set                : Auto
Use Synchronous Reset              : Auto
Pack IO Registers into IOBs        : Auto
Equivalent register Removal        : YES

---- General Options
Optimization Goal                  : Speed
Optimization Effort                : 1
Power Reduction                    : NO
Keep Hierarchy                     : No
Netlist Hierarchy                  : As_Optimized
RTL Output                         : Yes
Global Optimization                : AllClockNets
Read Cores                         : YES
Write Timing Constraints           : NO
Cross Clock Analysis               : NO
Hierarchy Separator                : /
Bus Delimiter                      : <>
Case Specifier                     : Maintain
Slice Utilization Ratio            : 100
BRAM Utilization Ratio             : 100
DSP48 Utilization Ratio            : 100
Auto BRAM Packing                  : NO
Slice Utilization Ratio Delta      : 5

=========================================================================


=========================================================================
*                          HDL Parsing                                  *
=========================================================================
Parsing VHDL file "D:\iust stuff\4002\CALab\4\counter_async\T_FF.vhd" into library work
Parsing entity <T_FF>.
Parsing architecture <Behavioral> of entity <t_ff>.
Parsing VHDL file "D:\iust stuff\4002\CALab\4\counter_async\counter_async.vhd" into library work
Parsing entity <counter_async>.
Parsing architecture <Behavioral> of entity <counter_async>.
WARNING:HDLCompiler:946 - "D:\iust stuff\4002\CALab\4\counter_async\counter_async.vhd" Line 54: Actual for formal port clk is neither a static name nor a globally static expression
WARNING:HDLCompiler:946 - "D:\iust stuff\4002\CALab\4\counter_async\counter_async.vhd" Line 55: Actual for formal port clk is neither a static name nor a globally static expression
WARNING:HDLCompiler:946 - "D:\iust stuff\4002\CALab\4\counter_async\counter_async.vhd" Line 56: Actual for formal port clk is neither a static name nor a globally static expression
WARNING:HDLCompiler:946 - "D:\iust stuff\4002\CALab\4\counter_async\counter_async.vhd" Line 57: Actual for formal port clk is neither a static name nor a globally static expression

=========================================================================
*                            HDL Elaboration                            *
=========================================================================

Elaborating entity <counter_async> (architecture <Behavioral>) from library <work>.

Elaborating entity <T_FF> (architecture <Behavioral>) from library <work>.

=========================================================================
*                           HDL Synthesis                               *
=========================================================================

Synthesizing Unit <counter_async>.
    Related source file is "D:\iust stuff\4002\CALab\4\counter_async\counter_async.vhd".
INFO:Xst:2774 - HDL ADVISOR - KEEP property attached to signal Q3 may hinder XST clustering optimizations.
    Summary:
	no macro.
Unit <counter_async> synthesized.

Synthesizing Unit <T_FF>.
    Related source file is "D:\iust stuff\4002\CALab\4\counter_async\T_FF.vhd".
    Found 1-bit register for signal <Q>.
    Summary:
	inferred   1 D-type flip-flop(s).
Unit <T_FF> synthesized.

=========================================================================
HDL Synthesis Report

Macro Statistics
# Registers                                            : 4
 1-bit register                                        : 4
# Xors                                                 : 4
 1-bit xor2                                            : 4

=========================================================================

=========================================================================
*                       Advanced HDL Synthesis                          *
=========================================================================


=========================================================================
Advanced HDL Synthesis Report

Macro Statistics
# Registers                                            : 4
 Flip-Flops                                            : 4
# Xors                                                 : 4
 1-bit xor2                                            : 4

=========================================================================

=========================================================================
*                         Low Level Synthesis                           *
=========================================================================

Optimizing unit <counter_async> ...

Mapping all equations...
Building and optimizing final netlist ...
Found area constraint ratio of 100 (+ 5) on block counter_async, actual ratio is 0.

Final Macro Processing ...

=========================================================================
Final Register Report

Macro Statistics
# Registers                                            : 4
 Flip-Flops                                            : 4

=========================================================================

=========================================================================
*                           Partition Report                            *
=========================================================================

Partition Implementation Status
-------------------------------

  No Partitions were found in this design.

-------------------------------

=========================================================================
*                            Design Summary                             *
=========================================================================

Top Level Output File Name         : counter_async.ngc

Primitive and Black Box Usage:
------------------------------
# BELS                             : 8
#      INV                         : 4
#      LUT2                        : 4
# FlipFlops/Latches                : 4
#      FDC                         : 4
# Clock Buffers                    : 1
#      BUFGP                       : 1
# IO Buffers                       : 6
#      IBUF                        : 2
#      OBUF                        : 4

Device utilization summary:
---------------------------

Selected Device : 7a100tcsg324-3 


Slice Logic Utilization: 
 Number of Slice Registers:               4  out of  126800     0%  
 Number of Slice LUTs:                    8  out of  63400     0%  
    Number used as Logic:                 8  out of  63400     0%  

Slice Logic Distribution: 
 Number of LUT Flip Flop pairs used:     12
   Number with an unused Flip Flop:       8  out of     12    66%  
   Number with an unused LUT:             4  out of     12    33%  
   Number of fully used LUT-FF pairs:     0  out of     12     0%  
   Number of unique control sets:         4

IO Utilization: 
 Number of IOs:                           7
 Number of bonded IOBs:                   7  out of    210     3%  

Specific Feature Utilization:
 Number of BUFG/BUFGCTRLs:                1  out of     32     3%  

---------------------------
Partition Resource Summary:
---------------------------

  No Partitions were found in this design.

---------------------------


=========================================================================
Timing Report

NOTE: THESE TIMING NUMBERS ARE ONLY A SYNTHESIS ESTIMATE.
      FOR ACCURATE TIMING INFORMATION PLEASE REFER TO THE TRACE REPORT
      GENERATED AFTER PLACE-and-ROUTE.

Clock Information:
------------------
-----------------------------------+------------------------+-------+
Clock Signal                       | Clock buffer(FF name)  | Load  |
-----------------------------------+------------------------+-------+
T2/Q                               | NONE(T3/Q)             | 1     |
T1/Q                               | NONE(T2/Q)             | 1     |
T0/Q                               | NONE(T1/Q)             | 1     |
clk                                | BUFGP                  | 1     |
-----------------------------------+------------------------+-------+
INFO:Xst:2169 - HDL ADVISOR - Some clock signals were not automatically buffered by XST with BUFG/BUFR resources. Please use the buffer_type constraint in order to insert these buffers to the clock signals to help prevent skew problems.

Asynchronous Control Signals Information:
----------------------------------------
No asynchronous control signals found in this design

Timing Summary:
---------------
Speed Grade: -3

   Minimum period: 0.771ns (Maximum Frequency: 1296.849MHz)
   Minimum input arrival time before clock: 0.643ns
   Maximum output required time after clock: 0.650ns
   Maximum combinational path delay: No path found

Timing Details:
---------------
All values displayed in nanoseconds (ns)

=========================================================================
Timing constraint: Default period analysis for Clock 'T2/Q'
  Clock period: 0.766ns (frequency: 1306.336MHz)
  Total number of paths / destination ports: 1 / 1
-------------------------------------------------------------------------
Delay:               0.766ns (Levels of Logic = 1)
  Source:            T3/Q (FF)
  Destination:       T3/Q (FF)
  Source Clock:      T2/Q falling
  Destination Clock: T2/Q falling

  Data Path: T3/Q to T3/Q
                                Gate     Net
    Cell:in->out      fanout   Delay   Delay  Logical Name (Net Name)
    ----------------------------------------  ------------
     FDC:C->Q              2   0.361   0.299  T3/Q (T3/Q)
     LUT2:I1->O            1   0.097   0.000  T3/Mxor_Q_T_XOR_1_o_xo<0>1 (T3/Q_T_XOR_1_o)
     FDC:D                     0.008          T3/Q
    ----------------------------------------
    Total                      0.766ns (0.466ns logic, 0.299ns route)
                                       (60.9% logic, 39.1% route)

=========================================================================
Timing constraint: Default period analysis for Clock 'T1/Q'
  Clock period: 0.771ns (frequency: 1296.849MHz)
  Total number of paths / destination ports: 1 / 1
-------------------------------------------------------------------------
Delay:               0.771ns (Levels of Logic = 1)
  Source:            T2/Q (FF)
  Destination:       T2/Q (FF)
  Source Clock:      T1/Q falling
  Destination Clock: T1/Q falling

  Data Path: T2/Q to T2/Q
                                Gate     Net
    Cell:in->out      fanout   Delay   Delay  Logical Name (Net Name)
    ----------------------------------------  ------------
     FDC:C->Q              3   0.361   0.305  T2/Q (T2/Q)
     LUT2:I1->O            1   0.097   0.000  T2/Mxor_Q_T_XOR_1_o_xo<0>1 (T2/Q_T_XOR_1_o)
     FDC:D                     0.008          T2/Q
    ----------------------------------------
    Total                      0.771ns (0.466ns logic, 0.305ns route)
                                       (60.4% logic, 39.6% route)

=========================================================================
Timing constraint: Default period analysis for Clock 'T0/Q'
  Clock period: 0.771ns (frequency: 1296.849MHz)
  Total number of paths / destination ports: 1 / 1
-------------------------------------------------------------------------
Delay:               0.771ns (Levels of Logic = 1)
  Source:            T1/Q (FF)
  Destination:       T1/Q (FF)
  Source Clock:      T0/Q falling
  Destination Clock: T0/Q falling

  Data Path: T1/Q to T1/Q
                                Gate     Net
    Cell:in->out      fanout   Delay   Delay  Logical Name (Net Name)
    ----------------------------------------  ------------
     FDC:C->Q              3   0.361   0.305  T1/Q (T1/Q)
     LUT2:I1->O            1   0.097   0.000  T1/Mxor_Q_T_XOR_1_o_xo<0>1 (T1/Q_T_XOR_1_o)
     FDC:D                     0.008          T1/Q
    ----------------------------------------
    Total                      0.771ns (0.466ns logic, 0.305ns route)
                                       (60.4% logic, 39.6% route)

=========================================================================
Timing constraint: Default period analysis for Clock 'clk'
  Clock period: 0.771ns (frequency: 1296.849MHz)
  Total number of paths / destination ports: 1 / 1
-------------------------------------------------------------------------
Delay:               0.771ns (Levels of Logic = 1)
  Source:            T0/Q (FF)
  Destination:       T0/Q (FF)
  Source Clock:      clk falling
  Destination Clock: clk falling

  Data Path: T0/Q to T0/Q
                                Gate     Net
    Cell:in->out      fanout   Delay   Delay  Logical Name (Net Name)
    ----------------------------------------  ------------
     FDC:C->Q              3   0.361   0.305  T0/Q (T0/Q)
     LUT2:I1->O            1   0.097   0.000  T0/Mxor_Q_T_XOR_1_o_xo<0>1 (T0/Q_T_XOR_1_o)
     FDC:D                     0.008          T0/Q
    ----------------------------------------
    Total                      0.771ns (0.466ns logic, 0.305ns route)
                                       (60.4% logic, 39.6% route)

=========================================================================
Timing constraint: Default OFFSET IN BEFORE for Clock 'T2/Q'
  Total number of paths / destination ports: 2 / 2
-------------------------------------------------------------------------
Offset:              0.643ns (Levels of Logic = 1)
  Source:            rst (PAD)
  Destination:       T3/Q (FF)
  Destination Clock: T2/Q falling

  Data Path: rst to T3/Q
                                Gate     Net
    Cell:in->out      fanout   Delay   Delay  Logical Name (Net Name)
    ----------------------------------------  ------------
     IBUF:I->O             4   0.001   0.293  rst_IBUF (rst_IBUF)
     FDC:CLR                   0.349          T3/Q
    ----------------------------------------
    Total                      0.643ns (0.350ns logic, 0.293ns route)
                                       (54.4% logic, 45.6% route)

=========================================================================
Timing constraint: Default OFFSET IN BEFORE for Clock 'T1/Q'
  Total number of paths / destination ports: 2 / 2
-------------------------------------------------------------------------
Offset:              0.643ns (Levels of Logic = 1)
  Source:            rst (PAD)
  Destination:       T2/Q (FF)
  Destination Clock: T1/Q falling

  Data Path: rst to T2/Q
                                Gate     Net
    Cell:in->out      fanout   Delay   Delay  Logical Name (Net Name)
    ----------------------------------------  ------------
     IBUF:I->O             4   0.001   0.293  rst_IBUF (rst_IBUF)
     FDC:CLR                   0.349          T2/Q
    ----------------------------------------
    Total                      0.643ns (0.350ns logic, 0.293ns route)
                                       (54.4% logic, 45.6% route)

=========================================================================
Timing constraint: Default OFFSET IN BEFORE for Clock 'T0/Q'
  Total number of paths / destination ports: 2 / 2
-------------------------------------------------------------------------
Offset:              0.643ns (Levels of Logic = 1)
  Source:            rst (PAD)
  Destination:       T1/Q (FF)
  Destination Clock: T0/Q falling

  Data Path: rst to T1/Q
                                Gate     Net
    Cell:in->out      fanout   Delay   Delay  Logical Name (Net Name)
    ----------------------------------------  ------------
     IBUF:I->O             4   0.001   0.293  rst_IBUF (rst_IBUF)
     FDC:CLR                   0.349          T1/Q
    ----------------------------------------
    Total                      0.643ns (0.350ns logic, 0.293ns route)
                                       (54.4% logic, 45.6% route)

=========================================================================
Timing constraint: Default OFFSET IN BEFORE for Clock 'clk'
  Total number of paths / destination ports: 2 / 2
-------------------------------------------------------------------------
Offset:              0.643ns (Levels of Logic = 1)
  Source:            rst (PAD)
  Destination:       T0/Q (FF)
  Destination Clock: clk falling

  Data Path: rst to T0/Q
                                Gate     Net
    Cell:in->out      fanout   Delay   Delay  Logical Name (Net Name)
    ----------------------------------------  ------------
     IBUF:I->O             4   0.001   0.293  rst_IBUF (rst_IBUF)
     FDC:CLR                   0.349          T0/Q
    ----------------------------------------
    Total                      0.643ns (0.350ns logic, 0.293ns route)
                                       (54.4% logic, 45.6% route)

=========================================================================
Timing constraint: Default OFFSET OUT AFTER for Clock 'T2/Q'
  Total number of paths / destination ports: 1 / 1
-------------------------------------------------------------------------
Offset:              0.645ns (Levels of Logic = 1)
  Source:            T3/Q (FF)
  Destination:       output<3> (PAD)
  Source Clock:      T2/Q falling

  Data Path: T3/Q to output<3>
                                Gate     Net
    Cell:in->out      fanout   Delay   Delay  Logical Name (Net Name)
    ----------------------------------------  ------------
     FDC:C->Q              2   0.361   0.283  T3/Q (T3/Q)
     OBUF:I->O                 0.000          output_3_OBUF (output<3>)
    ----------------------------------------
    Total                      0.645ns (0.361ns logic, 0.283ns route)
                                       (56.0% logic, 44.0% route)

=========================================================================
Timing constraint: Default OFFSET OUT AFTER for Clock 'T1/Q'
  Total number of paths / destination ports: 1 / 1
-------------------------------------------------------------------------
Offset:              0.650ns (Levels of Logic = 1)
  Source:            T2/Q (FF)
  Destination:       output<2> (PAD)
  Source Clock:      T1/Q falling

  Data Path: T2/Q to output<2>
                                Gate     Net
    Cell:in->out      fanout   Delay   Delay  Logical Name (Net Name)
    ----------------------------------------  ------------
     FDC:C->Q              3   0.361   0.289  T2/Q (T2/Q)
     OBUF:I->O                 0.000          output_2_OBUF (output<2>)
    ----------------------------------------
    Total                      0.650ns (0.361ns logic, 0.289ns route)
                                       (55.5% logic, 44.5% route)

=========================================================================
Timing constraint: Default OFFSET OUT AFTER for Clock 'T0/Q'
  Total number of paths / destination ports: 1 / 1
-------------------------------------------------------------------------
Offset:              0.650ns (Levels of Logic = 1)
  Source:            T1/Q (FF)
  Destination:       output<1> (PAD)
  Source Clock:      T0/Q falling

  Data Path: T1/Q to output<1>
                                Gate     Net
    Cell:in->out      fanout   Delay   Delay  Logical Name (Net Name)
    ----------------------------------------  ------------
     FDC:C->Q              3   0.361   0.289  T1/Q (T1/Q)
     OBUF:I->O                 0.000          output_1_OBUF (output<1>)
    ----------------------------------------
    Total                      0.650ns (0.361ns logic, 0.289ns route)
                                       (55.5% logic, 44.5% route)

=========================================================================
Timing constraint: Default OFFSET OUT AFTER for Clock 'clk'
  Total number of paths / destination ports: 1 / 1
-------------------------------------------------------------------------
Offset:              0.650ns (Levels of Logic = 1)
  Source:            T0/Q (FF)
  Destination:       output<0> (PAD)
  Source Clock:      clk falling

  Data Path: T0/Q to output<0>
                                Gate     Net
    Cell:in->out      fanout   Delay   Delay  Logical Name (Net Name)
    ----------------------------------------  ------------
     FDC:C->Q              3   0.361   0.289  T0/Q (T0/Q)
     OBUF:I->O                 0.000          output_0_OBUF (output<0>)
    ----------------------------------------
    Total                      0.650ns (0.361ns logic, 0.289ns route)
                                       (55.5% logic, 44.5% route)

=========================================================================

Cross Clock Domains Report:
--------------------------

Clock to Setup on destination clock T0/Q
---------------+---------+---------+---------+---------+
               | Src:Rise| Src:Fall| Src:Rise| Src:Fall|
Source Clock   |Dest:Rise|Dest:Rise|Dest:Fall|Dest:Fall|
---------------+---------+---------+---------+---------+
T0/Q           |         |         |    0.771|         |
---------------+---------+---------+---------+---------+

Clock to Setup on destination clock T1/Q
---------------+---------+---------+---------+---------+
               | Src:Rise| Src:Fall| Src:Rise| Src:Fall|
Source Clock   |Dest:Rise|Dest:Rise|Dest:Fall|Dest:Fall|
---------------+---------+---------+---------+---------+
T1/Q           |         |         |    0.771|         |
---------------+---------+---------+---------+---------+

Clock to Setup on destination clock T2/Q
---------------+---------+---------+---------+---------+
               | Src:Rise| Src:Fall| Src:Rise| Src:Fall|
Source Clock   |Dest:Rise|Dest:Rise|Dest:Fall|Dest:Fall|
---------------+---------+---------+---------+---------+
T2/Q           |         |         |    0.766|         |
---------------+---------+---------+---------+---------+

Clock to Setup on destination clock clk
---------------+---------+---------+---------+---------+
               | Src:Rise| Src:Fall| Src:Rise| Src:Fall|
Source Clock   |Dest:Rise|Dest:Rise|Dest:Fall|Dest:Fall|
---------------+---------+---------+---------+---------+
clk            |         |         |    0.771|         |
---------------+---------+---------+---------+---------+

=========================================================================


Total REAL time to Xst completion: 14.00 secs
Total CPU time to Xst completion: 14.59 secs
 
--> 

Total memory usage is 4689596 kilobytes

Number of errors   :    0 (   0 filtered)
Number of warnings :    4 (   0 filtered)
Number of infos    :    2 (   0 filtered)

