--------------------------------------------------------------------------------
Release 14.7 Trace  (nt64)
Copyright (c) 1995-2013 Xilinx, Inc.  All rights reserved.

D:\Xilinx\14.7\ISE_DS\ISE\bin\nt64\unwrapped\trce.exe -intstyle ise -v 3 -s 4
-n 3 -fastpaths -xml div_8_4.twx div_8_4.ncd -o div_8_4.twr div_8_4.pcf

Design file:              div_8_4.ncd
Physical constraint file: div_8_4.pcf
Device,package,speed:     xc3s400,pq208,-4 (PRODUCTION 1.39 2013-10-13)
Report level:             verbose report

Environment Variable      Effect 
--------------------      ------ 
NONE                      No environment variables were set
--------------------------------------------------------------------------------

INFO:Timing:2698 - No timing constraints found, doing default enumeration.
INFO:Timing:3412 - To improve timing, see the Timing Closure User Guide (UG612).
INFO:Timing:2752 - To get complete path coverage, use the unconstrained paths 
   option. All paths that are not constrained will be reported in the 
   unconstrained paths section(s) of the report.
INFO:Timing:3339 - The clock-to-out numbers in this timing report are based on 
   a 50 Ohm transmission line loading model.  For the details of this model, 
   and for more information on accounting for different loading conditions, 
   please see the device datasheet.
INFO:Timing:3390 - This architecture does not support a default System Jitter 
   value, please add SYSTEM_JITTER constraint to the UCF to modify the Clock 
   Uncertainty calculation.
INFO:Timing:3389 - This architecture does not support 'Discrete Jitter' and 
   'Phase Error' calculations, these terms will be zero in the Clock 
   Uncertainty calculation.  Please make appropriate modification to 
   SYSTEM_JITTER to account for the unsupported Discrete Jitter and Phase 
   Error.



Data Sheet report:
-----------------
All values displayed in nanoseconds (ns)

Pad to Pad
---------------+---------------+---------+
Source Pad     |Destination Pad|  Delay  |
---------------+---------------+---------+
a<0>           |q<0>           |   11.371|
a<0>           |r<0>           |   12.452|
a<0>           |r<1>           |   12.774|
a<0>           |r<2>           |   12.435|
a<0>           |r<3>           |   12.435|
a<1>           |q<0>           |   15.942|
a<1>           |q<1>           |   10.529|
a<1>           |r<0>           |   17.023|
a<1>           |r<1>           |   17.345|
a<1>           |r<2>           |   17.006|
a<1>           |r<3>           |   17.006|
a<2>           |q<0>           |   19.799|
a<2>           |q<1>           |   14.386|
a<2>           |q<2>           |   10.913|
a<2>           |r<0>           |   20.880|
a<2>           |r<1>           |   21.202|
a<2>           |r<2>           |   20.863|
a<2>           |r<3>           |   20.863|
a<3>           |q<0>           |   23.533|
a<3>           |q<1>           |   18.120|
a<3>           |q<2>           |   14.647|
a<3>           |q<3>           |   11.171|
a<3>           |r<0>           |   24.614|
a<3>           |r<1>           |   24.936|
a<3>           |r<2>           |   24.597|
a<3>           |r<3>           |   24.597|
a<4>           |q<0>           |   26.815|
a<4>           |q<1>           |   21.402|
a<4>           |q<2>           |   17.929|
a<4>           |q<3>           |   14.453|
a<4>           |q<4>           |   10.733|
a<4>           |r<0>           |   27.896|
a<4>           |r<1>           |   28.218|
a<4>           |r<2>           |   27.879|
a<4>           |r<3>           |   27.879|
a<5>           |q<0>           |   30.767|
a<5>           |q<1>           |   25.354|
a<5>           |q<2>           |   21.881|
a<5>           |q<3>           |   18.405|
a<5>           |q<4>           |   14.685|
a<5>           |q<5>           |   11.572|
a<5>           |r<0>           |   31.848|
a<5>           |r<1>           |   32.170|
a<5>           |r<2>           |   31.831|
a<5>           |r<3>           |   31.831|
a<6>           |q<0>           |   33.136|
a<6>           |q<1>           |   27.723|
a<6>           |q<2>           |   24.250|
a<6>           |q<3>           |   20.774|
a<6>           |q<4>           |   17.054|
a<6>           |q<5>           |   13.941|
a<6>           |q<6>           |    9.345|
a<6>           |r<0>           |   34.217|
a<6>           |r<1>           |   34.539|
a<6>           |r<2>           |   34.200|
a<6>           |r<3>           |   34.200|
a<7>           |q<0>           |   33.399|
a<7>           |q<1>           |   27.986|
a<7>           |q<2>           |   24.513|
a<7>           |q<3>           |   21.037|
a<7>           |q<4>           |   17.317|
a<7>           |q<5>           |   14.204|
a<7>           |q<6>           |    9.608|
a<7>           |q<7>           |    8.146|
a<7>           |r<0>           |   34.480|
a<7>           |r<1>           |   34.802|
a<7>           |r<2>           |   34.463|
a<7>           |r<3>           |   34.463|
b<0>           |q<0>           |   34.270|
b<0>           |q<1>           |   28.857|
b<0>           |q<2>           |   25.384|
b<0>           |q<3>           |   21.908|
b<0>           |q<4>           |   18.188|
b<0>           |q<5>           |   15.075|
b<0>           |q<6>           |   10.479|
b<0>           |q<7>           |   10.666|
b<0>           |r<0>           |   35.351|
b<0>           |r<1>           |   35.673|
b<0>           |r<2>           |   35.334|
b<0>           |r<3>           |   35.334|
b<1>           |q<0>           |   33.781|
b<1>           |q<1>           |   28.368|
b<1>           |q<2>           |   24.895|
b<1>           |q<3>           |   21.419|
b<1>           |q<4>           |   17.699|
b<1>           |q<5>           |   14.586|
b<1>           |q<6>           |    9.479|
b<1>           |q<7>           |    8.622|
b<1>           |r<0>           |   34.862|
b<1>           |r<1>           |   35.184|
b<1>           |r<2>           |   34.845|
b<1>           |r<3>           |   34.845|
b<2>           |q<0>           |   33.669|
b<2>           |q<1>           |   28.256|
b<2>           |q<2>           |   24.783|
b<2>           |q<3>           |   21.307|
b<2>           |q<4>           |   17.587|
b<2>           |q<5>           |   14.474|
b<2>           |q<6>           |    9.878|
b<2>           |q<7>           |    8.772|
b<2>           |r<0>           |   34.750|
b<2>           |r<1>           |   35.072|
b<2>           |r<2>           |   34.733|
b<2>           |r<3>           |   34.733|
b<3>           |q<0>           |   33.737|
b<3>           |q<1>           |   28.324|
b<3>           |q<2>           |   24.851|
b<3>           |q<3>           |   21.375|
b<3>           |q<4>           |   17.655|
b<3>           |q<5>           |   14.542|
b<3>           |q<6>           |    9.946|
b<3>           |q<7>           |    8.643|
b<3>           |r<0>           |   34.818|
b<3>           |r<1>           |   35.140|
b<3>           |r<2>           |   34.801|
b<3>           |r<3>           |   34.801|
---------------+---------------+---------+


Analysis completed Wed May 11 01:15:49 2022 
--------------------------------------------------------------------------------

Trace Settings:
-------------------------
Trace Settings 

Peak Memory Usage: 4479 MB



