Release 14.7 - xst P.20131013 (nt64)
Copyright (c) 1995-2013 Xilinx, Inc.  All rights reserved.
--> Parameter TMPDIR set to xst/projnav.tmp


Total REAL time to Xst completion: 0.00 secs
Total CPU time to Xst completion: 0.09 secs
 
--> Parameter xsthdpdir set to xst


Total REAL time to Xst completion: 0.00 secs
Total CPU time to Xst completion: 0.09 secs
 
--> Reading design: Mealy.prj

TABLE OF CONTENTS
  1) Synthesis Options Summary
  2) HDL Compilation
  3) Design Hierarchy Analysis
  4) HDL Analysis
  5) HDL Synthesis
     5.1) HDL Synthesis Report
  6) Advanced HDL Synthesis
     6.1) Advanced HDL Synthesis Report
  7) Low Level Synthesis
  8) Partition Report
  9) Final Report
	9.1) Device utilization summary
	9.2) Partition Resource Summary
	9.3) TIMING REPORT


=========================================================================
*                      Synthesis Options Summary                        *
=========================================================================
---- Source Parameters
Input File Name                    : "Mealy.prj"
Input Format                       : mixed
Ignore Synthesis Constraint File   : NO

---- Target Parameters
Output File Name                   : "Mealy"
Output Format                      : NGC
Target Device                      : xc4vfx12-12-sf363

---- Source Options
Top Module Name                    : Mealy
Automatic FSM Extraction           : YES
FSM Encoding Algorithm             : Auto
Safe Implementation                : No
FSM Style                          : LUT
RAM Extraction                     : Yes
RAM Style                          : Auto
ROM Extraction                     : Yes
Mux Style                          : Auto
Decoder Extraction                 : YES
Priority Encoder Extraction        : Yes
Shift Register Extraction          : YES
Logical Shifter Extraction         : YES
XOR Collapsing                     : YES
ROM Style                          : Auto
Mux Extraction                     : Yes
Resource Sharing                   : YES
Asynchronous To Synchronous        : NO
Use DSP Block                      : Auto
Automatic Register Balancing       : No

---- Target Options
Add IO Buffers                     : YES
Global Maximum Fanout              : 500
Add Generic Clock Buffer(BUFG)     : 32
Number of Regional Clock Buffers   : 16
Register Duplication               : YES
Slice Packing                      : YES
Optimize Instantiated Primitives   : NO
Use Clock Enable                   : Auto
Use Synchronous Set                : Auto
Use Synchronous Reset              : Auto
Pack IO Registers into IOBs        : Auto
Equivalent register Removal        : YES

---- General Options
Optimization Goal                  : Speed
Optimization Effort                : 1
Power Reduction                    : NO
Keep Hierarchy                     : No
Netlist Hierarchy                  : As_Optimized
RTL Output                         : Yes
Global Optimization                : AllClockNets
Read Cores                         : YES
Write Timing Constraints           : NO
Cross Clock Analysis               : NO
Hierarchy Separator                : /
Bus Delimiter                      : <>
Case Specifier                     : Maintain
Slice Utilization Ratio            : 100
BRAM Utilization Ratio             : 100
DSP48 Utilization Ratio            : 100
Verilog 2001                       : YES
Auto BRAM Packing                  : NO
Slice Utilization Ratio Delta      : 5

=========================================================================


=========================================================================
*                          HDL Compilation                              *
=========================================================================
Compiling vhdl file "E:/University/Term6/CA Lab/LAB6/Mealy_Moore.vhd" in Library work.
Entity <mealy> compiled.
Entity <Mealy> (Architecture <NOOV>) compiled.

=========================================================================
*                     Design Hierarchy Analysis                         *
=========================================================================
Analyzing hierarchy for entity <Mealy> in library <work> (architecture <NOOV>).


=========================================================================
*                            HDL Analysis                               *
=========================================================================
Analyzing Entity <Mealy> in library <work> (Architecture <NOOV>).
Entity <Mealy> analyzed. Unit <Mealy> generated.


=========================================================================
*                           HDL Synthesis                               *
=========================================================================

Performing bidirectional port resolution...

Synthesizing Unit <Mealy>.
    Related source file is "E:/University/Term6/CA Lab/LAB6/Mealy_Moore.vhd".
    Found finite state machine <FSM_0> for signal <CS>.
    -----------------------------------------------------------------------
    | States             | 4                                              |
    | Transitions        | 7                                              |
    | Inputs             | 1                                              |
    | Outputs            | 4                                              |
    | Clock              | CLK                       (rising_edge)        |
    | Reset              | RST                       (positive)           |
    | Reset type         | synchronous                                    |
    | Reset State        | idle                                           |
    | Power Up State     | idle                                           |
    | Encoding           | automatic                                      |
    | Implementation     | LUT                                            |
    -----------------------------------------------------------------------
    Summary:
	inferred   1 Finite State Machine(s).
Unit <Mealy> synthesized.


=========================================================================
HDL Synthesis Report

Found no macro
=========================================================================

=========================================================================
*                       Advanced HDL Synthesis                          *
=========================================================================

Analyzing FSM <FSM_0> for best encoding.
Optimizing FSM <CS/FSM> on signal <CS[1:4]> with one-hot encoding.
-------------------
 State | Encoding
-------------------
 idle  | 0001
 s0    | 0010
 s01   | 0100
 s011  | 1000
-------------------

=========================================================================
Advanced HDL Synthesis Report

Macro Statistics
# FSMs                                                 : 1

=========================================================================

=========================================================================
*                         Low Level Synthesis                           *
=========================================================================
WARNING:Xst:2677 - Node <CS_FSM_FFd4> of sequential type is unconnected in block <Mealy>.

Optimizing unit <Mealy> ...

Mapping all equations...
Building and optimizing final netlist ...
Found area constraint ratio of 100 (+ 5) on block Mealy, actual ratio is 0.

Final Macro Processing ...

=========================================================================
Final Register Report

Macro Statistics
# Registers                                            : 3
 Flip-Flops                                            : 3

=========================================================================

=========================================================================
*                           Partition Report                            *
=========================================================================

Partition Implementation Status
-------------------------------

  No Partitions were found in this design.

-------------------------------

=========================================================================
*                            Final Report                               *
=========================================================================
Final Results
RTL Top Level Output File Name     : Mealy.ngr
Top Level Output File Name         : Mealy
Output Format                      : NGC
Optimization Goal                  : Speed
Keep Hierarchy                     : No

Design Statistics
# IOs                              : 4

Cell Usage :
# BELS                             : 4
#      LUT2                        : 4
# FlipFlops/Latches                : 3
#      FDR                         : 3
# Clock Buffers                    : 1
#      BUFGP                       : 1
# IO Buffers                       : 3
#      IBUF                        : 2
#      OBUF                        : 1
=========================================================================

Device utilization summary:
---------------------------

Selected Device : 4vfx12sf363-12 

 Number of Slices:                        2  out of   5472     0%  
 Number of Slice Flip Flops:              3  out of  10944     0%  
 Number of 4 input LUTs:                  4  out of  10944     0%  
 Number of IOs:                           4
 Number of bonded IOBs:                   4  out of    240     1%  
 Number of GCLKs:                         1  out of     32     3%  

---------------------------
Partition Resource Summary:
---------------------------

  No Partitions were found in this design.

---------------------------


=========================================================================
TIMING REPORT

NOTE: THESE TIMING NUMBERS ARE ONLY A SYNTHESIS ESTIMATE.
      FOR ACCURATE TIMING INFORMATION PLEASE REFER TO THE TRACE REPORT
      GENERATED AFTER PLACE-and-ROUTE.

Clock Information:
------------------
-----------------------------------+------------------------+-------+
Clock Signal                       | Clock buffer(FF name)  | Load  |
-----------------------------------+------------------------+-------+
CLK                                | BUFGP                  | 3     |
-----------------------------------+------------------------+-------+

Asynchronous Control Signals Information:
----------------------------------------
No asynchronous control signals found in this design

Timing Summary:
---------------
Speed Grade: -12

   Minimum period: 0.837ns (Maximum Frequency: 1195.029MHz)
   Minimum input arrival time before clock: 1.836ns
   Maximum output required time after clock: 4.389ns
   Maximum combinational path delay: 4.820ns

Timing Detail:
--------------
All values displayed in nanoseconds (ns)

=========================================================================
Timing constraint: Default period analysis for Clock 'CLK'
  Clock period: 0.837ns (frequency: 1195.029MHz)
  Total number of paths / destination ports: 3 / 3
-------------------------------------------------------------------------
Delay:               0.837ns (Levels of Logic = 1)
  Source:            CS_FSM_FFd1 (FF)
  Destination:       CS_FSM_FFd3 (FF)
  Source Clock:      CLK rising
  Destination Clock: CLK rising

  Data Path: CS_FSM_FFd1 to CS_FSM_FFd3
                                Gate     Net
    Cell:in->out      fanout   Delay   Delay  Logical Name (Net Name)
    ----------------------------------------  ------------
     FDR:C->Q              2   0.272   0.401  CS_FSM_FFd1 (CS_FSM_FFd1)
     LUT2:I1->O            1   0.147   0.000  CS_FSM_FFd3-In1 (CS_FSM_FFd3-In)
     FDR:D                     0.017          CS_FSM_FFd3
    ----------------------------------------
    Total                      0.837ns (0.436ns logic, 0.401ns route)
                                       (52.1% logic, 47.9% route)

=========================================================================
Timing constraint: Default OFFSET IN BEFORE for Clock 'CLK'
  Total number of paths / destination ports: 6 / 6
-------------------------------------------------------------------------
Offset:              1.836ns (Levels of Logic = 1)
  Source:            RST (PAD)
  Destination:       CS_FSM_FFd1 (FF)
  Destination Clock: CLK rising

  Data Path: RST to CS_FSM_FFd1
                                Gate     Net
    Cell:in->out      fanout   Delay   Delay  Logical Name (Net Name)
    ----------------------------------------  ------------
     IBUF:I->O             3   0.754   0.277  RST_IBUF (RST_IBUF)
     FDR:R                     0.805          CS_FSM_FFd1
    ----------------------------------------
    Total                      1.836ns (1.559ns logic, 0.277ns route)
                                       (84.9% logic, 15.1% route)

=========================================================================
Timing constraint: Default OFFSET OUT AFTER for Clock 'CLK'
  Total number of paths / destination ports: 1 / 1
-------------------------------------------------------------------------
Offset:              4.389ns (Levels of Logic = 2)
  Source:            CS_FSM_FFd1 (FF)
  Destination:       Z (PAD)
  Source Clock:      CLK rising

  Data Path: CS_FSM_FFd1 to Z
                                Gate     Net
    Cell:in->out      fanout   Delay   Delay  Logical Name (Net Name)
    ----------------------------------------  ------------
     FDR:C->Q              2   0.272   0.449  CS_FSM_FFd1 (CS_FSM_FFd1)
     LUT2:I0->O            1   0.147   0.266  Z1 (Z_OBUF)
     OBUF:I->O                 3.255          Z_OBUF (Z)
    ----------------------------------------
    Total                      4.389ns (3.674ns logic, 0.715ns route)
                                       (83.7% logic, 16.3% route)

=========================================================================
Timing constraint: Default path analysis
  Total number of paths / destination ports: 1 / 1
-------------------------------------------------------------------------
Delay:               4.820ns (Levels of Logic = 3)
  Source:            X (PAD)
  Destination:       Z (PAD)

  Data Path: X to Z
                                Gate     Net
    Cell:in->out      fanout   Delay   Delay  Logical Name (Net Name)
    ----------------------------------------  ------------
     IBUF:I->O             4   0.754   0.398  X_IBUF (X_IBUF)
     LUT2:I1->O            1   0.147   0.266  Z1 (Z_OBUF)
     OBUF:I->O                 3.255          Z_OBUF (Z)
    ----------------------------------------
    Total                      4.820ns (4.156ns logic, 0.664ns route)
                                       (86.2% logic, 13.8% route)

=========================================================================


Total REAL time to Xst completion: 4.00 secs
Total CPU time to Xst completion: 4.54 secs
 
--> 

Total memory usage is 4519140 kilobytes

Number of errors   :    0 (   0 filtered)
Number of warnings :    1 (   0 filtered)
Number of infos    :    0 (   0 filtered)

