Running: D:\Xilinx\14.7\ISE_DS\ISE\bin\nt64\unwrapped\fuse.exe -intstyle ise -incremental -o C:/Users/Arshia/Desktop/AZ/SISO/Simulate_isim_beh.exe -prj C:/Users/Arshia/Desktop/AZ/SISO/Simulate_beh.prj work.Simulate 
ISim P.20131013 (signature 0x7708f090)
Number of CPUs detected in this system: 12
Turning on mult-threading, number of parallel sub-compilation jobs: 24 
Determining compilation order of HDL files
Parsing VHDL file "C:/Users/Arshia/Desktop/AZ/SISO/SISO.vhd" into library work
Parsing VHDL file "C:/Users/Arshia/Desktop/AZ/SISO/Simulate.vhd" into library work
Starting static elaboration
Completed static elaboration
Compiling package standard
Compiling package std_logic_1164
Compiling package std_logic_arith
Compiling package std_logic_unsigned
Compiling architecture behavioral of entity shiftregister [shiftregister_default]
Compiling architecture behavior of entity simulate
Time Resolution for simulation is 1ps.
Compiled 7 VHDL Units
Built simulation executable C:/Users/Arshia/Desktop/AZ/SISO/Simulate_isim_beh.exe
Fuse Memory Usage: 34520 KB
Fuse CPU Usage: 514 ms
