Release 14.7 - xst P.20131013 (nt64)
Copyright (c) 1995-2013 Xilinx, Inc.  All rights reserved.
--> Parameter TMPDIR set to xst/projnav.tmp


Total REAL time to Xst completion: 0.00 secs
Total CPU time to Xst completion: 0.09 secs
 
--> Parameter xsthdpdir set to xst


Total REAL time to Xst completion: 0.00 secs
Total CPU time to Xst completion: 0.09 secs
 
--> Reading design: shiftregister.prj

TABLE OF CONTENTS
  1) Synthesis Options Summary
  2) HDL Compilation
  3) Design Hierarchy Analysis
  4) HDL Analysis
  5) HDL Synthesis
     5.1) HDL Synthesis Report
  6) Advanced HDL Synthesis
     6.1) Advanced HDL Synthesis Report
  7) Low Level Synthesis
  8) Partition Report
  9) Final Report
	9.1) Device utilization summary
	9.2) Partition Resource Summary
	9.3) TIMING REPORT


=========================================================================
*                      Synthesis Options Summary                        *
=========================================================================
---- Source Parameters
Input File Name                    : "shiftregister.prj"
Input Format                       : mixed
Ignore Synthesis Constraint File   : NO

---- Target Parameters
Output File Name                   : "shiftregister"
Output Format                      : NGC
Target Device                      : xc3s400-4-pq208

---- Source Options
Top Module Name                    : shiftregister
Automatic FSM Extraction           : YES
FSM Encoding Algorithm             : Auto
Safe Implementation                : No
FSM Style                          : LUT
RAM Extraction                     : Yes
RAM Style                          : Auto
ROM Extraction                     : Yes
Mux Style                          : Auto
Decoder Extraction                 : YES
Priority Encoder Extraction        : Yes
Shift Register Extraction          : YES
Logical Shifter Extraction         : YES
XOR Collapsing                     : YES
ROM Style                          : Auto
Mux Extraction                     : Yes
Resource Sharing                   : YES
Asynchronous To Synchronous        : NO
Multiplier Style                   : Auto
Automatic Register Balancing       : No

---- Target Options
Add IO Buffers                     : YES
Global Maximum Fanout              : 100000
Add Generic Clock Buffer(BUFG)     : 8
Register Duplication               : YES
Slice Packing                      : YES
Optimize Instantiated Primitives   : NO
Use Clock Enable                   : Yes
Use Synchronous Set                : Yes
Use Synchronous Reset              : Yes
Pack IO Registers into IOBs        : Auto
Equivalent register Removal        : YES

---- General Options
Optimization Goal                  : Speed
Optimization Effort                : 1
Keep Hierarchy                     : No
Netlist Hierarchy                  : As_Optimized
RTL Output                         : Yes
Global Optimization                : AllClockNets
Read Cores                         : YES
Write Timing Constraints           : NO
Cross Clock Analysis               : NO
Hierarchy Separator                : /
Bus Delimiter                      : <>
Case Specifier                     : Maintain
Slice Utilization Ratio            : 100
BRAM Utilization Ratio             : 100
Verilog 2001                       : YES
Auto BRAM Packing                  : NO
Slice Utilization Ratio Delta      : 5

=========================================================================


=========================================================================
*                          HDL Compilation                              *
=========================================================================
Compiling vhdl file "D:/iust stuff/4002/CALab/5/SISO/SISO.vhd" in Library work.
Entity <shiftregister> compiled.
Entity <shiftregister> (Architecture <Behavioral>) compiled.

=========================================================================
*                     Design Hierarchy Analysis                         *
=========================================================================
Analyzing hierarchy for entity <shiftregister> in library <work> (architecture <Behavioral>).


=========================================================================
*                            HDL Analysis                               *
=========================================================================
Analyzing Entity <shiftregister> in library <work> (Architecture <Behavioral>).
Entity <shiftregister> analyzed. Unit <shiftregister> generated.


=========================================================================
*                           HDL Synthesis                               *
=========================================================================

Performing bidirectional port resolution...

Synthesizing Unit <shiftregister>.
    Related source file is "D:/iust stuff/4002/CALab/5/SISO/SISO.vhd".
    Found 4-bit register for signal <temp>.
    Summary:
	inferred   4 D-type flip-flop(s).
Unit <shiftregister> synthesized.


=========================================================================
HDL Synthesis Report

Macro Statistics
# Registers                                            : 1
 4-bit register                                        : 1

=========================================================================

=========================================================================
*                       Advanced HDL Synthesis                          *
=========================================================================


=========================================================================
Advanced HDL Synthesis Report

Macro Statistics
# Registers                                            : 4
 Flip-Flops                                            : 4

=========================================================================

=========================================================================
*                         Low Level Synthesis                           *
=========================================================================

Optimizing unit <shiftregister> ...

Mapping all equations...
Building and optimizing final netlist ...
Found area constraint ratio of 100 (+ 5) on block shiftregister, actual ratio is 0.

Final Macro Processing ...

Processing Unit <shiftregister> :
	Found 4-bit shift register for signal <temp_0>.
Unit <shiftregister> processed.

=========================================================================
Final Register Report

Macro Statistics
# Shift Registers                                      : 1
 4-bit shift register                                  : 1

=========================================================================

=========================================================================
*                           Partition Report                            *
=========================================================================

Partition Implementation Status
-------------------------------

  No Partitions were found in this design.

-------------------------------

=========================================================================
*                            Final Report                               *
=========================================================================
Final Results
RTL Top Level Output File Name     : shiftregister.ngr
Top Level Output File Name         : shiftregister
Output Format                      : NGC
Optimization Goal                  : Speed
Keep Hierarchy                     : No

Design Statistics
# IOs                              : 3

Cell Usage :
# BELS                             : 2
#      GND                         : 1
#      VCC                         : 1
# FlipFlops/Latches                : 1
#      FD                          : 1
# Shift Registers                  : 1
#      SRL16                       : 1
# Clock Buffers                    : 1
#      BUFGP                       : 1
# IO Buffers                       : 2
#      IBUF                        : 1
#      OBUF                        : 1
=========================================================================

Device utilization summary:
---------------------------

Selected Device : 3s400pq208-4 

 Number of Slices:                        1  out of   3584     0%  
 Number of Slice Flip Flops:              1  out of   7168     0%  
 Number of 4 input LUTs:                  1  out of   7168     0%  
    Number used as logic:                 0
    Number used as Shift registers:       1
 Number of IOs:                           3
 Number of bonded IOBs:                   3  out of    141     2%  
 Number of GCLKs:                         1  out of      8    12%  

---------------------------
Partition Resource Summary:
---------------------------

  No Partitions were found in this design.

---------------------------


=========================================================================
TIMING REPORT

NOTE: THESE TIMING NUMBERS ARE ONLY A SYNTHESIS ESTIMATE.
      FOR ACCURATE TIMING INFORMATION PLEASE REFER TO THE TRACE REPORT
      GENERATED AFTER PLACE-and-ROUTE.

Clock Information:
------------------
-----------------------------------+------------------------+-------+
Clock Signal                       | Clock buffer(FF name)  | Load  |
-----------------------------------+------------------------+-------+
clk                                | BUFGP                  | 2     |
-----------------------------------+------------------------+-------+

Asynchronous Control Signals Information:
----------------------------------------
No asynchronous control signals found in this design

Timing Summary:
---------------
Speed Grade: -4

   Minimum period: 3.398ns (Maximum Frequency: 294.291MHz)
   Minimum input arrival time before clock: 2.061ns
   Maximum output required time after clock: 7.165ns
   Maximum combinational path delay: No path found

Timing Detail:
--------------
All values displayed in nanoseconds (ns)

=========================================================================
Timing constraint: Default period analysis for Clock 'clk'
  Clock period: 3.398ns (frequency: 294.291MHz)
  Total number of paths / destination ports: 1 / 1
-------------------------------------------------------------------------
Delay:               3.398ns (Levels of Logic = 0)
  Source:            Mshreg_temp_0 (FF)
  Destination:       temp_0 (FF)
  Source Clock:      clk rising
  Destination Clock: clk rising

  Data Path: Mshreg_temp_0 to temp_0
                                Gate     Net
    Cell:in->out      fanout   Delay   Delay  Logical Name (Net Name)
    ----------------------------------------  ------------
     SRL16:CLK->Q          1   3.195   0.000  Mshreg_temp_0 (Mshreg_temp_0)
     FD:D                      0.203          temp_0
    ----------------------------------------
    Total                      3.398ns (3.398ns logic, 0.000ns route)
                                       (100.0% logic, 0.0% route)

=========================================================================
Timing constraint: Default OFFSET IN BEFORE for Clock 'clk'
  Total number of paths / destination ports: 1 / 1
-------------------------------------------------------------------------
Offset:              2.061ns (Levels of Logic = 1)
  Source:            si (PAD)
  Destination:       Mshreg_temp_0 (FF)
  Destination Clock: clk rising

  Data Path: si to Mshreg_temp_0
                                Gate     Net
    Cell:in->out      fanout   Delay   Delay  Logical Name (Net Name)
    ----------------------------------------  ------------
     IBUF:I->O             1   0.821   0.801  si_IBUF (si_IBUF)
     SRL16:D                   0.439          Mshreg_temp_0
    ----------------------------------------
    Total                      2.061ns (1.260ns logic, 0.801ns route)
                                       (61.1% logic, 38.9% route)

=========================================================================
Timing constraint: Default OFFSET OUT AFTER for Clock 'clk'
  Total number of paths / destination ports: 1 / 1
-------------------------------------------------------------------------
Offset:              7.165ns (Levels of Logic = 1)
  Source:            temp_0 (FF)
  Destination:       so (PAD)
  Source Clock:      clk rising

  Data Path: temp_0 to so
                                Gate     Net
    Cell:in->out      fanout   Delay   Delay  Logical Name (Net Name)
    ----------------------------------------  ------------
     FD:C->Q               1   0.720   0.801  temp_0 (temp_0)
     OBUF:I->O                 5.644          so_OBUF (so)
    ----------------------------------------
    Total                      7.165ns (6.364ns logic, 0.801ns route)
                                       (88.8% logic, 11.2% route)

=========================================================================


Total REAL time to Xst completion: 4.00 secs
Total CPU time to Xst completion: 3.34 secs
 
--> 

Total memory usage is 4497832 kilobytes

Number of errors   :    0 (   0 filtered)
Number of warnings :    0 (   0 filtered)
Number of infos    :    0 (   0 filtered)

